ViennaCL:
bisect-test-opencl				local size (128) exceeds device maximum
blas3_solve-test-opencl			local size (128) exceeds device maximum
fft1d-test-opencl				local size (128) exceeds device maximum
fft2d-test-opencl				local size (128) exceeds device maximum
global-variables-test-opencl	local size (128) exceeds device maximum
iterators-test-opencl			local size (128) exceeds device maximum
libviennacl_blas1-test			local size (128) exceeds device maximum
libviennacl_blas2-test			local size (128) exceeds device maximum
libviennacl_blas3-test			local size (128) exceeds device maximum
matrix_col-float-test-opencl	local size (128) exceeds device maximum
matrix_col-int-test-opencl		local size (128) exceeds device maximum
matrix_convert-test-opencl		local size (128) exceeds device maximum
nmf-test-opencl					local size (128) exceeds device maximum
qr_method_func-test-opencl		local size (128) exceeds device maximum
qr_method-test-opencl			local size (128) exceeds device maximum
scalar-test-opencl				arithmetic error
scan-test-opencl				compilation error
self_assign-test-opencl			local size (128) exceeds device maximum
vector_convert-test-opencl		compilation error

Boost Compute:
test_accumulate					result mismatch ("sum_int"), hangs
test_adjacent_difference		PASSED
test_adjacent_find				result mismatch ("adjacent_find_int2")
test_any_all_none_of			PASSED
test_array						PASSED
test_async_wait					PASSED
test_async_wait_guard			PASSED
test_bernoulli_distribution		PASSED
test_binary_search				result mismatch (manual test returns correct result for value in/not in sorted list)
test_buffer						PASSED
test_buffer_allocator			PASSED
test_buffer_iterator			PASSED
test_clamp_range				PASSED
test_closure					result mismatch (ULP, "add_two_and_pi": difference{6.49642e-06%} between results[1]{7.33999968} and 7.34f{7.34000015} exceeds 1e-06%)
test_command_queue				PASSED
test_complex					PASSED
test_constant_iterator			PASSED
test_context					PASSED
test_context_error				PASSED
test_copy						PASSED
test_copy_if					PASSED
test_copy_type_mismatch			"Invalid Value" exceptions
test_count						compilation error (ulong)
test_counting_iterator			PASSED
test_device						PASSED
test_discard_iterator			PASSED
test_discrete_distribution		compilation error (ulong)
test_dynamic_bitset				compilation error (long)
test_equal						PASSED
test_equal_range				PASSED
test_event						PASSED
test_extents					PASSED
test_extrema					result mismatch ("int_min_max", "int2_min_max_custom_comparision_function", "iota_min_max", "max_vector_length"), compilation error
test_fill						PASSED
test_find						result value mismatch ("find_int2")
test_find_end					result value mismatch ("find_end_int", "find_end_string")
test_flat_map					PASSED
test_flat_set					PASSED
test_for_each					PASSED
test_function					compilation error (struct, is converted to long by LLVM), result mismatch
test_functional_as				PASSED
test_functional_bind			result mismatch (ULP, "transform_pow_two")
test_functional_convert			PASSED
test_functional_get				PASSED
test_functional_hash			compilation error (ulong)
test_functional_identity		PASSED
test_functional_popcount		compilation error (ulong)
test_functional_unpack			PASSED
test_function_input_operator	PASSED
test_gather						PASSED
test_generate					PASSED
test_image1d					SKIPPED
test_image2d					SKIPPED
test_image3d					SKIPPED
test_image_sampler				SKIPPED
test_includes					PASSED
test_inner_product				PASSED
test_inplace_merge				PASSED
test_inplace_reduce				result mismatch ("reduce_iota")
test_insertion_sort				compilation error (long)
test_invoke						result mismatch (ULP, "invoke_builtin": result: inf expected: 256.f for function pow(2, 8))
test_iota						PASSED
test_is_permutation				PASSED
test_is_sorted					PASSED
test_kernel						error in get arg info (kernel argument type names do not match, e.g. i32* != int*)
test_lambda						result mismatch ("lambda_tenary_function_with_pointer_remquo", calculation error in remquo)
test_lexicographical_compare	PASSED
test_linear_congruential_engine	PASSED
test_literal_conversion			PASSED
test_local_buffer				SKIPPED ("device does not support local memory")
test_malloc						PASSED
test_mapped_view				result value mismatch ("mapped_view_reduce_doctest")
test_merge						compilation error (struct, is converted to long by LLVM)
test_merge_sort_gpu				exception: "Invalid Value" in boost/compute/detail/get_object_info.hpp(94), compilation error (ulong), double test skipped
test_mersenne_twister_engine	PASSED
test_mismatch					PASSED
test_next_permutation			PASSED
test_no_device_found			PASSED
test_normal_distribution		result value mismatch ("normal_distribution_statistics", got inf/nan, expected 10/2)
test_nth_element				compilation error
test_opencl_error				PASSED
test_pair						PASSED
test_partial_sum				PASSED
test_partition					PASSED
test_partition_point			PASSED
test_radix_sort					result mismatches, compilation errors
test_radix_sort_by_key			result mismatches
test_random_fill				result mismatch ("random_fill_float", 6 != 0)
test_random_shuffle				PASSED
test_reduce						result mismatches (0 != x), SIGABRT (std::out_of_range in vector)
test_reduce_by_key				compilation error (ulong)
test_remove						PASSED
test_replace					PASSED
test_result_of					PASSED
test_reverse					PASSED
test_rotate						PASSED
test_rotate_copy				PASSED
test_scan						memory access violation ("inclusive_scan_int2", tryed to access device-pointer? 0x75cde000)
test_scatter					PASSED
test_scatter_if					PASSED
test_search						PASSED
test_search_n					PASSED
test_set_difference				PASSED
test_set_intersection			PASSED
test_set_union					PASSED
test_sort						result mismatch; compilation error (packed struct, converted to long by LLVM)
test_sort_by_key				result mismatch, exception: "Invalid Value" in boost/compute/detail/get_object_info.hpp(94)
test_sort_by_transform			result mismatch (all test-cases)
test_stable_partition			PASSED
test_stable_sort				result mismatch ("sort_int_vector", "sort_int2")
test_stable_sort_by_key			result mismatch (all test-cases)
test_stack						PASSED
test_strided_iterator			PASSED
test_string						PASSED
test_struct						result mismatch ("atom_struct", "struct_with_array")
test_svm_ptr					PASSED
test_system						PASSED
test_tabulate					PASSED
test_threefry_engine			compilation error (struct, converted to long by LLVM)
test_transform					result mismatch (ULP pow/sqrt and 0 != x), compilation error (locals not initialized)
test_transform_if				PASSED
test_transform_iterator			PASSED
test_transform_reduce			result mismatch (ULP, "multiply_vector_length", "mean_and_std_dev")
test_tuple						PASSED
test_types						PASSED
test_type_traits				PASSED
test_uniform_int_distribution	memory access violation ("uniform_int_distribution_doctest", nullptr)
test_uniform_real_distribution	compilation error (long)
test_unique						assertion failure (test_unique.cpp:47 and 66)
test_unique_copy				PASSED
test_unsupported_extension		PASSED
test_user_defined_types			compilation error (packed struct, converted to ulong by LLVM)
test_user_event					PASSED
test_valarray					compilation error (kernel "serial_find_extrema")
test_vector						PASSED
test_wait_list					PASSED
test_zip_iterator				PASSED

clRNG:
Inventory						invalid buffer size
RandomArray						compilation error
WorkItem						compilation error
CTest							compilation error (double)

vexCL:
boost_version         			PASSED
cast                     		memory access violation (nullptr, setting up context)
constants                		memory access violation (nullptr)
context		                  	PASSED
custom_kernel            		memory access violation (nullptr)
deduce                   		memory access violation (nullptr)
eval                     		memory access violation (nullptr)
events                   		memory access violation (nullptr)
fft                      		memory access violation (nullptr)
generator                       memory access violation (nullptr)
image                           memory access violation (nullptr)
logical                         error setting up context
mba                             memory access violation (nullptr)
multi_array                     memory access violation (nullptr)
multiple_objects                PASSED
multivector_arithmetics         memory access violation (nullptr)
multivector_create              memory access violation (nullptr)
random                          error setting up context
reduce_by_key            		memory access violation (nullptr)
reinterpret              		memory access violation (nullptr)
scan                     		bad alloc (setting up context)
scan_by_key              		memory access violation (nullptr)
sort                     		memory access violation (nullptr)
sparse_matrices					memory access violation (nullptr)
spmv                     		memory access violation (nullptr)
stencil                  		memory access violation (nullptr)
svm                          	PASSED (skipped?)
tagged_terminal              	memory access violation (nullptr)
temporary                    	memory access violation (nullptr)
tensordot                		memory access violation (nullptr)
threads                      	memory access violation (nullptr)
types                        	PASSED
vector_arithmetics           	memory access violation (nullptr)
vector_copy						memory access violation (nullptr)
vector_create					memory access violation (nullptr)
vector_io						memory access violation (nullptr)
vector_pointer					memory access violation (nullptr)
vector_view						memory access violation (nullptr)

easyCL:
*generally, easyCL seems to not wait for kernel executions to finish, thus failing some tests*
testscalars.
  test1							FAILED ("Something went wrong with clCreateKernel, OpenCL error code -45" -> CL_INVALID_PROGRAM_EXECUTABLE), root cause: kernel uses long
testintarray.
  main							PASSED
testfloatwrapper.
  main							PASSED
  singlecopytodevice			PASSED
  doublecopytodevice			PASSED
testqueues.
  main							PASSED
  defaultqueue					PASSED
testclarray.
  main							PASSED
testfloatwrapperconst.
  main							PASSED
testintwrapper.
  main							PASSED
test_scenario_te42kyfo.
  main							PASSED
testfloatarray.
  main							PASSED
testeasycl.
  main							PASSED
  power2helper					PASSED
testinout.
  main							PASSED
SLOW_testintwrapper_huge.		
  testreadnonwrapper			hangs/runs long
  testread						hangs/runs long
  testreadwrite
testlocal.
  uselocal						PASSED
  notUselocal					PASSED
  globalreduce					FAILED (result mismatch)
  localreduce					FAILED (result mismatch)
  reduceviascratch_multipleworkgroups		FAILED (result mismatch)
  reduceviascratch_multipleworkgroups_ints	FAILED (result mismatch)
  reduce_multipleworkgroups_ints_noscratch	hangs
SLOW_testlocal.
  reduce_noscratch_multipleworkgroups_ints_3levels
  reduceviascratch_multipleworkgroups_ints_3levels
  selfdot_3levels_withscratch
  selfdot_3levels_withoutscratch
testdefines.
  simple						PASSED
testbuildlog.
  main							FAILED (error checking whether "testbuildlog.cl" is in error-message !?)
testnewinstantiations.
  createForFirstGpu				PASSED
  createForIndexedGpu			PASSED
  createForIndexedDevice		PASSED
  createForPlatformDeviceIndexesPASSED
  createForFirstGpuOtherwiseCpu	PASSED
testucharwrapper.
  main							PASSED
testkernelstore.
  main							PASSED
  cl_deletes					PASSED
testdirtywrapper.
  main							PASSED
testDeviceInfo.
  basic							PASSED
  gpus							PASSED
testLuaTemplater.
  basicsubstitution1			PASSED
  basicsubstitution1b			PASSED
  basicsubstitution				PASSED
  startofsection				PASSED
  endofsection					PASSED
  loop							PASSED
  nestedloop					PASSED
  foreachloop					PASSED
  codesection					PASSED
  codingerror					PASSED
  include						PASSED
testTemplatedKernel.
  basic							FAILED (invalid arg value)
  withbuilderror				PASSED
  withtemplateerror				PASSED
  withbuilderrorintargs			PASSED
  withargserror					PASSED
  basic2						PASSED
  foreach						PASSED
  forrange						PASSED
  forrange2						PASSED
testStructs.
  main							PASSED
testprofiling.
  basic							FAILED (invalid work-group size)
  noprofiling					FAILED (invalid work-group size)
testcopybuffer.
  main							PASSED
  withoffset					PASSED
  throwsifnotondevice			PASSED
SLOW_testcopybuffer.
  larger						PASSED
teststatefultimer.
  basic							FAILED (invalid work-group size)
  notiming						FAILED (invalid work-group size)

CLBlast:
clblast_client_xamax         
clblast_client_xasum         
clblast_client_xaxpy         
clblast_client_xaxpybatched  
clblast_client_xcopy			somehow fails to load the compiler
clblast_client_xdot          
clblast_client_xdotc         
clblast_client_xdotu         
clblast_client_xgbmv         
clblast_client_xgemm         
clblast_client_xgemmbatched  
clblast_client_xgemv         
clblast_client_xger          
clblast_client_xgerc         
clblast_client_xgeru         
clblast_client_xhbmv         
clblast_client_xhemm         
clblast_client_xhemv    
clblast_client_xher     
clblast_client_xher2    
clblast_client_xher2k   
clblast_client_xherk    
clblast_client_xhpmv    
clblast_client_xhpr     
clblast_client_xhpr2    
clblast_client_xim2col  
clblast_client_xnrm2      
clblast_client_xomatcopy  
clblast_client_xsbmv      
clblast_client_xscal      
clblast_client_xspmv      
clblast_client_xspr       
clblast_client_xspr2      
clblast_client_xswap      
clblast_client_xsymm      
clblast_client_xsymv   
clblast_client_xsyr    
clblast_client_xsyr2   
clblast_client_xsyr2k  
clblast_client_xsyrk   
clblast_client_xtbmv   
clblast_client_xtpmv   
clblast_client_xtrmm   
clblast_client_xtrmv   
clblast_client_xtrsm    
clblast_client_xtrsv    
clblast_sample_cache_c
clblast_sample_dgemv_c
clblast_sample_haxpy_c
clblast_sample_sasum_c
clblast_sample_sgemm			somehow fails to load the compiler
clblast_sample_sgemm_batched
clblast_sample_sgemm_c
clblast_sample_sgemm_netlib_c